<?xml version="1.0" encoding="UTF-8"?>
<!-- Generated by org.testng.reporters.JUnitXMLReporter -->
<testsuite ignored="0" hostname="DESKTOP-MA8SSCS" failures="0" tests="6" name="Surefire test" time="133.567" errors="0" timestamp="04 Oct 2021 04:20:47 GMT">
  <testcase classname="TestSuite.SmokeTest" name="setup" time="6.517"/>
  <testcase classname="TestSuite.SmokeTest" name="testing1" time="15.747"/>
  <testcase classname="TestSuite.SmokeTest" name="newBikes" time="14.888"/>
  <testcase classname="TestSuite.SmokeTest" name="usedCars" time="51.025"/>
  <testcase classname="TestSuite.SmokeTest" name="login" time="40.386"/>
  <testcase classname="TestSuite.SmokeTest" name="lastStep" time="4.973"/>
</testsuite> <!-- Surefire test -->
