<?xml version="1.0" encoding="UTF-8" ?>
<testsuite tests="6" failures="0" name="TestSuite.RegressionTest" time="76.52" errors="0" skipped="0">
  <properties>
[...]
</properties>
  <testcase classname="TestSuite.RegressionTest" name="basic" time="9.355"/>
  <testcase classname="TestSuite.RegressionTest" name="testing" time="0.015"/>
  <testcase classname="TestSuite.RegressionTest" name="testing1" time="32.84"/>
  <testcase classname="TestSuite.RegressionTest" name="testingCars" time="13.547"/>
  <testcase classname="TestSuite.RegressionTest" name="testingLogin" time="19.617"/>
  <testcase classname="TestSuite.RegressionTest" name="lastStep" time="1.146"/>
</testsuite>