<?xml version="1.0" encoding="UTF-8"?>
<testng-results ignored="0" total="15" passed="15" failed="0" skipped="0">
  <reporter-output>
  </reporter-output>
  <suite started-at="2021-10-04T06:07:44Z" name="Identify New Bikes" finished-at="2021-10-04T06:09:22Z" duration-ms="98833">
    <groups>
    </groups>
    <test started-at="2021-10-04T06:07:44Z" name="2RegressionTesting" finished-at="2021-10-04T06:09:22Z" duration-ms="98833">
      <class name="TestSuite.RegressionTest">
        <test-method signature="test1()[pri:0, instance:TestSuite.RegressionTest@7d898981]" started-at="2021-10-04T06:07:44Z" name="test1" finished-at="2021-10-04T06:07:46Z" duration-ms="2362" status="PASS">
          <reporter-output>
          </reporter-output>
        </test-method> <!-- test1 -->
        <test-method signature="test2()[pri:1, instance:TestSuite.RegressionTest@7d898981]" started-at="2021-10-04T06:07:46Z" name="test2" finished-at="2021-10-04T06:07:54Z" duration-ms="7833" status="PASS">
          <reporter-output>
          </reporter-output>
        </test-method> <!-- test2 -->
        <test-method signature="test3()[pri:2, instance:TestSuite.RegressionTest@7d898981]" started-at="2021-10-04T06:07:54Z" name="test3" finished-at="2021-10-04T06:07:54Z" duration-ms="14" status="PASS">
          <reporter-output>
          </reporter-output>
        </test-method> <!-- test3 -->
        <test-method signature="test4()[pri:3, instance:TestSuite.RegressionTest@7d898981]" started-at="2021-10-04T06:07:54Z" name="test4" finished-at="2021-10-04T06:08:03Z" duration-ms="8817" status="PASS">
          <reporter-output>
          </reporter-output>
        </test-method> <!-- test4 -->
        <test-method signature="test5()[pri:4, instance:TestSuite.RegressionTest@7d898981]" started-at="2021-10-04T06:08:03Z" name="test5" finished-at="2021-10-04T06:08:10Z" duration-ms="7714" status="PASS">
          <reporter-output>
          </reporter-output>
        </test-method> <!-- test5 -->
        <test-method signature="test6()[pri:5, instance:TestSuite.RegressionTest@7d898981]" started-at="2021-10-04T06:08:10Z" name="test6" finished-at="2021-10-04T06:08:17Z" duration-ms="7187" status="PASS">
          <reporter-output>
          </reporter-output>
        </test-method> <!-- test6 -->
        <test-method signature="test7()[pri:6, instance:TestSuite.RegressionTest@7d898981]" started-at="2021-10-04T06:08:17Z" name="test7" finished-at="2021-10-04T06:08:22Z" duration-ms="4766" status="PASS">
          <reporter-output>
          </reporter-output>
        </test-method> <!-- test7 -->
        <test-method signature="test8()[pri:7, instance:TestSuite.RegressionTest@7d898981]" started-at="2021-10-04T06:08:22Z" name="test8" finished-at="2021-10-04T06:08:32Z" duration-ms="9496" status="PASS">
          <reporter-output>
          </reporter-output>
        </test-method> <!-- test8 -->
        <test-method signature="test9()[pri:8, instance:TestSuite.RegressionTest@7d898981]" started-at="2021-10-04T06:08:32Z" name="test9" finished-at="2021-10-04T06:08:51Z" duration-ms="19445" status="PASS">
          <reporter-output>
          </reporter-output>
        </test-method> <!-- test9 -->
        <test-method signature="test10()[pri:9, instance:TestSuite.RegressionTest@7d898981]" started-at="2021-10-04T06:08:51Z" name="test10" finished-at="2021-10-04T06:08:52Z" duration-ms="958" status="PASS">
          <reporter-output>
          </reporter-output>
        </test-method> <!-- test10 -->
        <test-method signature="test11()[pri:10, instance:TestSuite.RegressionTest@7d898981]" started-at="2021-10-04T06:08:52Z" name="test11" finished-at="2021-10-04T06:08:59Z" duration-ms="7256" status="PASS">
          <reporter-output>
          </reporter-output>
        </test-method> <!-- test11 -->
        <test-method signature="test12()[pri:11, instance:TestSuite.RegressionTest@7d898981]" started-at="2021-10-04T06:08:59Z" name="test12" finished-at="2021-10-04T06:09:10Z" duration-ms="10171" status="PASS">
          <reporter-output>
          </reporter-output>
        </test-method> <!-- test12 -->
        <test-method signature="test13()[pri:12, instance:TestSuite.RegressionTest@7d898981]" started-at="2021-10-04T06:09:10Z" name="test13" finished-at="2021-10-04T06:09:20Z" duration-ms="10795" status="PASS">
          <reporter-output>
          </reporter-output>
        </test-method> <!-- test13 -->
        <test-method signature="testing14()[pri:13, instance:TestSuite.RegressionTest@7d898981]" started-at="2021-10-04T06:09:20Z" name="testing14" finished-at="2021-10-04T06:09:21Z" duration-ms="113" status="PASS">
          <reporter-output>
          </reporter-output>
        </test-method> <!-- testing14 -->
        <test-method signature="test15()[pri:14, instance:TestSuite.RegressionTest@7d898981]" started-at="2021-10-04T06:09:21Z" name="test15" finished-at="2021-10-04T06:09:22Z" duration-ms="1867" status="PASS">
          <reporter-output>
          </reporter-output>
        </test-method> <!-- test15 -->
      </class> <!-- TestSuite.RegressionTest -->
    </test> <!-- 2RegressionTesting -->
  </suite> <!-- Identify New Bikes -->
</testng-results>
