<?xml version="1.0" encoding="UTF-8"?>
<testsuite xmlns:xsi="http://www.w3.org/2001/XMLSchema-instance" xsi:noNamespaceSchemaLocation="https://maven.apache.org/surefire/maven-surefire-plugin/xsd/surefire-test-report.xsd" name="TestSuite" time="126.573" tests="15" errors="0" skipped="0" failures="0">
  <properties>
[...]
</properties>
  <testcase name="test1" classname="TestSuite.RegressionTest" time="3.596"/>
  <testcase name="test2" classname="TestSuite.RegressionTest" time="8.774"/>
  <testcase name="test3" classname="TestSuite.RegressionTest" time="0.008"/>
  <testcase name="test4" classname="TestSuite.RegressionTest" time="40.94"/>
  <testcase name="test5" classname="TestSuite.RegressionTest" time="9.345"/>
  <testcase name="test6" classname="TestSuite.RegressionTest" time="8.267"/>
  <testcase name="test7" classname="TestSuite.RegressionTest" time="5.745"/>
  <testcase name="test8" classname="TestSuite.RegressionTest" time="7.45"/>
  <testcase name="test9" classname="TestSuite.RegressionTest" time="8.071"/>
  <testcase name="test10" classname="TestSuite.RegressionTest" time="2.041"/>
  <testcase name="test11" classname="TestSuite.RegressionTest" time="8.653"/>
  <testcase name="test12" classname="TestSuite.RegressionTest" time="7.746"/>
  <testcase name="test13" classname="TestSuite.RegressionTest" time="11.274"/>
  <testcase name="testing14" classname="TestSuite.RegressionTest" time="0.088"/>
  <testcase name="test15" classname="TestSuite.RegressionTest" time="2.23"/>
</testsuite>