<?xml version="1.0" encoding="UTF-8"?>
<!-- Generated by org.testng.reporters.JUnitXMLReporter -->
<testsuite ignored="0" hostname="DESKTOP-MA8SSCS" failures="0" tests="6" name="2RegressionTesting" time="102.391" errors="0" timestamp="2021-10-02T19:47:31 IST">
  <testcase classname="TestSuite.RegressionTest" name="basic" time="8.677"/>
  <testcase classname="TestSuite.RegressionTest" name="testing" time="0.009"/>
  <testcase classname="TestSuite.RegressionTest" name="testing1" time="55.052"/>
  <testcase classname="TestSuite.RegressionTest" name="testingCars" time="15.085"/>
  <testcase classname="TestSuite.RegressionTest" name="testingLogin" time="21.615"/>
  <testcase classname="TestSuite.RegressionTest" name="lastStep" time="1.893"/>
</testsuite> <!-- 2RegressionTesting -->
