<?xml version="1.0" encoding="UTF-8"?>
<!-- Generated by org.testng.reporters.JUnitXMLReporter -->
<testsuite hostname="DESKTOP-RII72TK" name="FunctionalTesting" tests="6" failures="0" timestamp="30 Sep 2021 17:50:03 GMT" time="151.048" errors="0">
  <testcase name="basic" time="16.439" classname="TestSuite.Tests"/>
  <testcase name="testing" time="0.003" classname="TestSuite.Tests"/>
  <testcase name="testing1" time="63.694" classname="TestSuite.Tests"/>
  <testcase name="testingCars" time="32.431" classname="TestSuite.Tests"/>
  <testcase name="testingLogin" time="30.701" classname="TestSuite.Tests"/>
  <testcase name="lastStep" time="7.731" classname="TestSuite.Tests"/>
</testsuite> <!-- FunctionalTesting -->
