<?xml version="1.0" encoding="UTF-8"?>
<!-- Generated by org.testng.reporters.JUnitXMLReporter -->
<testsuite ignored="0" hostname="DESKTOP-MA8SSCS" failures="0" tests="15" name="2RegressionTesting" time="98.219" errors="0" timestamp="04 Oct 2021 03:59:56 GMT">
  <testcase classname="TestSuite.RegressionTest" name="test1" time="3.639"/>
  <testcase classname="TestSuite.RegressionTest" name="test2" time="25.506"/>
  <testcase classname="TestSuite.RegressionTest" name="test3" time="0.01"/>
  <testcase classname="TestSuite.RegressionTest" name="test4" time="8.18"/>
  <testcase classname="TestSuite.RegressionTest" name="test5" time="6.964"/>
  <testcase classname="TestSuite.RegressionTest" name="test6" time="7.975"/>
  <testcase classname="TestSuite.RegressionTest" name="test7" time="3.64"/>
  <testcase classname="TestSuite.RegressionTest" name="test8" time="7.146"/>
  <testcase classname="TestSuite.RegressionTest" name="test9" time="6.97"/>
  <testcase classname="TestSuite.RegressionTest" name="test10" time="1.628"/>
  <testcase classname="TestSuite.RegressionTest" name="test11" time="6.443"/>
  <testcase classname="TestSuite.RegressionTest" name="test12" time="7.715"/>
  <testcase classname="TestSuite.RegressionTest" name="test13" time="10.217"/>
  <testcase classname="TestSuite.RegressionTest" name="testing14" time="0.081"/>
  <testcase classname="TestSuite.RegressionTest" name="test15" time="2.066"/>
</testsuite> <!-- 2RegressionTesting -->
