<?xml version="1.0" encoding="UTF-8"?>
<!-- Generated by org.testng.reporters.JUnitXMLReporter -->
<testsuite ignored="0" hostname="DESKTOP-MA8SSCS" failures="0" tests="6" name="Command line test" time="80.99" errors="0" timestamp="02 Oct 2021 14:04:32 GMT">
  <testcase classname="TestSuite.RegressionTest" name="basic" time="9.174"/>
  <testcase classname="TestSuite.RegressionTest" name="testing" time="0.0"/>
  <testcase classname="TestSuite.RegressionTest" name="testing1" time="32.74"/>
  <testcase classname="TestSuite.RegressionTest" name="testingCars" time="15.267"/>
  <testcase classname="TestSuite.RegressionTest" name="testingLogin" time="21.685"/>
  <testcase classname="TestSuite.RegressionTest" name="lastStep" time="2.088"/>
</testsuite> <!-- Command line test -->
