<?xml version="1.0" encoding="UTF-8"?>
<!-- Generated by org.testng.reporters.JUnitXMLReporter -->
<testsuite ignored="0" hostname="DESKTOP-MA8SSCS" failures="0" tests="6" name="Command line test" time="76.548" errors="0" timestamp="02 Oct 2021 14:47:22 GMT">
  <testcase classname="TestSuite.RegressionTest" name="basic" time="9.353"/>
  <testcase classname="TestSuite.RegressionTest" name="testing" time="0.015"/>
  <testcase classname="TestSuite.RegressionTest" name="testing1" time="32.839"/>
  <testcase classname="TestSuite.RegressionTest" name="testingCars" time="13.546"/>
  <testcase classname="TestSuite.RegressionTest" name="testingLogin" time="19.617"/>
  <testcase classname="TestSuite.RegressionTest" name="lastStep" time="1.145"/>
</testsuite> <!-- Command line test -->
