<?xml version="1.0" encoding="UTF-8"?>
<testng-results ignored="0" total="6" passed="6" failed="0" skipped="0">
  <reporter-output>
  </reporter-output>
  <suite started-at="2021-10-02T19:45:49 IST" name="Identify New Bikes" finished-at="2021-10-02T19:47:31 IST" duration-ms="102391">
    <groups>
    </groups>
    <test started-at="2021-10-02T19:45:49 IST" name="2RegressionTesting" finished-at="2021-10-02T19:47:31 IST" duration-ms="102391">
      <class name="TestSuite.RegressionTest">
        <test-method signature="basic()[pri:0, instance:TestSuite.RegressionTest@741a8937]" started-at="2021-10-02T19:45:49 IST" name="basic" finished-at="2021-10-02T19:45:58 IST" duration-ms="8677" status="PASS">
          <reporter-output>
          </reporter-output>
        </test-method> <!-- basic -->
        <test-method signature="testing()[pri:1, instance:TestSuite.RegressionTest@741a8937]" started-at="2021-10-02T19:45:58 IST" name="testing" finished-at="2021-10-02T19:45:58 IST" duration-ms="9" status="PASS">
          <reporter-output>
          </reporter-output>
        </test-method> <!-- testing -->
        <test-method signature="testing1()[pri:2, instance:TestSuite.RegressionTest@741a8937]" started-at="2021-10-02T19:45:58 IST" name="testing1" finished-at="2021-10-02T19:46:53 IST" duration-ms="55052" status="PASS">
          <reporter-output>
          </reporter-output>
        </test-method> <!-- testing1 -->
        <test-method signature="testingCars()[pri:3, instance:TestSuite.RegressionTest@741a8937]" started-at="2021-10-02T19:46:53 IST" name="testingCars" finished-at="2021-10-02T19:47:08 IST" duration-ms="15085" status="PASS">
          <reporter-output>
          </reporter-output>
        </test-method> <!-- testingCars -->
        <test-method signature="testingLogin()[pri:4, instance:TestSuite.RegressionTest@741a8937]" started-at="2021-10-02T19:47:08 IST" name="testingLogin" finished-at="2021-10-02T19:47:29 IST" duration-ms="21615" status="PASS">
          <reporter-output>
          </reporter-output>
        </test-method> <!-- testingLogin -->
        <test-method signature="lastStep()[pri:5, instance:TestSuite.RegressionTest@741a8937]" started-at="2021-10-02T19:47:29 IST" name="lastStep" finished-at="2021-10-02T19:47:31 IST" duration-ms="1893" status="PASS">
          <reporter-output>
          </reporter-output>
        </test-method> <!-- lastStep -->
      </class> <!-- TestSuite.RegressionTest -->
    </test> <!-- 2RegressionTesting -->
  </suite> <!-- Identify New Bikes -->
</testng-results>
