<?xml version="1.0" encoding="UTF-8"?>
<!-- Generated by org.testng.reporters.JUnitXMLReporter -->
<testsuite ignored="0" hostname="DESKTOP-MA8SSCS" failures="0" tests="6" name="Command line test" time="47.15" errors="0" timestamp="03 Oct 2021 14:37:03 GMT">
  <testcase classname="TestSuite.SmokeTest" name="setup" time="2.15"/>
  <testcase classname="TestSuite.SmokeTest" name="testing1" time="7.753"/>
  <testcase classname="TestSuite.SmokeTest" name="newBikes" time="8.147"/>
  <testcase classname="TestSuite.SmokeTest" name="usedCars" time="13.251"/>
  <testcase classname="TestSuite.SmokeTest" name="login" time="14.28"/>
  <testcase classname="TestSuite.SmokeTest" name="lastStep" time="1.544"/>
</testsuite> <!-- Command line test -->
